# JRE version: Java(TM) SE Runtime Environment (8.0_202-b08) (build 1.8.0_202-b08)
# Java VM: Java HotSpot(TM) 64-Bit Server VM (25.202-b08 mixed mode windows-amd64 compressed oops)
Heap:
 PSYoungGen      total 38400K, used 2541K [0x00000000d5a00000, 0x00000000d8480000, 0x0000000100000000)
  eden space 33280K, 7% used [0x00000000d5a00000,0x00000000d5c7b650,0x00000000d7a80000)
  from space 5120K, 0% used [0x00000000d7f80000,0x00000000d7f80000,0x00000000d8480000)
  to   space 5120K, 0% used [0x00000000d7a80000,0x00000000d7a80000,0x00000000d7f80000)
 ParOldGen       total 87552K, used 6015K [0x0000000080e00000, 0x0000000086380000, 0x00000000d5a00000)
  object space 87552K, 6% used [0x0000000080e00000,0x00000000813dfe78,0x0000000086380000)
 Metaspace       used 17131K, capacity 17404K, committed 17792K, reserved 1064960K
  class space    used 2220K, capacity 2310K, committed 2432K, reserved 1048576K
GC Heap History (8 events):
Event: 10.401 GC heap before
{Heap before GC invocations=1 (full 0):
 PSYoungGen      total 38400K, used 30816K [0x00000000d5a00000, 0x00000000d8480000, 0x0000000100000000)
  eden space 33280K, 92% used [0x00000000d5a00000,0x00000000d78183a0,0x00000000d7a80000)
  from space 5120K, 0% used [0x00000000d7f80000,0x00000000d7f80000,0x00000000d8480000)
  to   space 5120K, 0% used [0x00000000d7a80000,0x00000000d7a80000,0x00000000d7f80000)
 ParOldGen       total 87552K, used 0K [0x0000000080e00000, 0x0000000086380000, 0x00000000d5a00000)
  object space 87552K, 0% used [0x0000000080e00000,0x0000000080e00000,0x0000000086380000)
 Metaspace       used 16618K, capacity 16892K, committed 17152K, reserved 1064960K
  class space    used 2158K, capacity 2246K, committed 2304K, reserved 1048576K
Event: 10.408 GC heap after
Heap after GC invocations=1 (full 0):
 PSYoungGen      total 38400K, used 4138K [0x00000000d5a00000, 0x00000000d8480000, 0x0000000100000000)
  eden space 33280K, 0% used [0x00000000d5a00000,0x00000000d5a00000,0x00000000d7a80000)
  from space 5120K, 80% used [0x00000000d7a80000,0x00000000d7e8aad0,0x00000000d7f80000)
  to   space 5120K, 0% used [0x00000000d7f80000,0x00000000d7f80000,0x00000000d8480000)
 ParOldGen       total 87552K, used 5144K [0x0000000080e00000, 0x0000000086380000, 0x00000000d5a00000)
  object space 87552K, 5% used [0x0000000080e00000,0x0000000081306010,0x0000000086380000)
 Metaspace       used 16618K, capacity 16892K, committed 17152K, reserved 1064960K
  class space    used 2158K, capacity 2246K, committed 2304K, reserved 1048576K
}
Event: 10.408 GC heap before
{Heap before GC invocations=2 (full 1):
 PSYoungGen      total 38400K, used 4138K [0x00000000d5a00000, 0x00000000d8480000, 0x0000000100000000)
  eden space 33280K, 0% used [0x00000000d5a00000,0x00000000d5a00000,0x00000000d7a80000)
  from space 5120K, 80% used [0x00000000d7a80000,0x00000000d7e8aad0,0x00000000d7f80000)
  to   space 5120K, 0% used [0x00000000d7f80000,0x00000000d7f80000,0x00000000d8480000)
 ParOldGen       total 87552K, used 5144K [0x0000000080e00000, 0x0000000086380000, 0x00000000d5a00000)
  object space 87552K, 5% used [0x0000000080e00000,0x0000000081306010,0x0000000086380000)
 Metaspace       used 16618K, capacity 16892K, committed 17152K, reserved 1064960K
  class space    used 2158K, capacity 2246K, committed 2304K, reserved 1048576K
Event: 10.432 GC heap after
Heap after GC invocations=2 (full 1):
 PSYoungGen      total 38400K, used 0K [0x00000000d5a00000, 0x00000000d8480000, 0x0000000100000000)
  eden space 33280K, 0% used [0x00000000d5a00000,0x00000000d5a00000,0x00000000d7a80000)
  from space 5120K, 0% used [0x00000000d7a80000,0x00000000d7a80000,0x00000000d7f80000)
  to   space 5120K, 0% used [0x00000000d7f80000,0x00000000d7f80000,0x00000000d8480000)
 ParOldGen       total 87552K, used 9111K [0x0000000080e00000, 0x0000000086380000, 0x00000000d5a00000)
  object space 87552K, 10% used [0x0000000080e00000,0x00000000816e5dc8,0x0000000086380000)
 Metaspace       used 16618K, capacity 16892K, committed 17152K, reserved 1064960K
  class space    used 2158K, capacity 2246K, committed 2304K, reserved 1048576K
}
Event: 10.478 GC heap before
{Heap before GC invocations=3 (full 1):
 PSYoungGen      total 38400K, used 7097K [0x00000000d5a00000, 0x00000000d8480000, 0x0000000100000000)
  eden space 33280K, 21% used [0x00000000d5a00000,0x00000000d60ee618,0x00000000d7a80000)
  from space 5120K, 0% used [0x00000000d7a80000,0x00000000d7a80000,0x00000000d7f80000)
  to   space 5120K, 0% used [0x00000000d7f80000,0x00000000d7f80000,0x00000000d8480000)
 ParOldGen       total 87552K, used 9111K [0x0000000080e00000, 0x0000000086380000, 0x00000000d5a00000)
  object space 87552K, 10% used [0x0000000080e00000,0x00000000816e5dc8,0x0000000086380000)
 Metaspace       used 17061K, capacity 17340K, committed 17536K, reserved 1064960K
  class space    used 2218K, capacity 2310K, committed 2432K, reserved 1048576K
Event: 10.479 GC heap after
Heap after GC invocations=3 (full 1):
 PSYoungGen      total 38400K, used 2773K [0x00000000d5a00000, 0x00000000d8480000, 0x0000000100000000)
  eden space 33280K, 0% used [0x00000000d5a00000,0x00000000d5a00000,0x00000000d7a80000)
  from space 5120K, 54% used [0x00000000d7f80000,0x00000000d8235798,0x00000000d8480000)
  to   space 5120K, 0% used [0x00000000d7a80000,0x00000000d7a80000,0x00000000d7f80000)
 ParOldGen       total 87552K, used 9119K [0x0000000080e00000, 0x0000000086380000, 0x00000000d5a00000)
  object space 87552K, 10% used [0x0000000080e00000,0x00000000816e7dc8,0x0000000086380000)
 Metaspace       used 17061K, capacity 17340K, committed 17536K, reserved 1064960K
  class space    used 2218K, capacity 2310K, committed 2432K, reserved 1048576K
}
Event: 10.479 GC heap before
{Heap before GC invocations=4 (full 2):
 PSYoungGen      total 38400K, used 2773K [0x00000000d5a00000, 0x00000000d8480000, 0x0000000100000000)
  eden space 33280K, 0% used [0x00000000d5a00000,0x00000000d5a00000,0x00000000d7a80000)
  from space 5120K, 54% used [0x00000000d7f80000,0x00000000d8235798,0x00000000d8480000)
  to   space 5120K, 0% used [0x00000000d7a80000,0x00000000d7a80000,0x00000000d7f80000)
 ParOldGen       total 87552K, used 9119K [0x0000000080e00000, 0x0000000086380000, 0x00000000d5a00000)
  object space 87552K, 10% used [0x0000000080e00000,0x00000000816e7dc8,0x0000000086380000)
 Metaspace       used 17061K, capacity 17340K, committed 17536K, reserved 1064960K
  class space    used 2218K, capacity 2310K, committed 2432K, reserved 1048576K
Event: 10.500 GC heap after
Heap after GC invocations=4 (full 2):
 PSYoungGen      total 38400K, used 0K [0x00000000d5a00000, 0x00000000d8480000, 0x0000000100000000)
  eden space 33280K, 0% used [0x00000000d5a00000,0x00000000d5a00000,0x00000000d7a80000)
  from space 5120K, 0% used [0x00000000d7f80000,0x00000000d7f80000,0x00000000d8480000)
  to   space 5120K, 0% used [0x00000000d7a80000,0x00000000d7a80000,0x00000000d7f80000)
 ParOldGen       total 87552K, used 6015K [0x0000000080e00000, 0x0000000086380000, 0x00000000d5a00000)
  object space 87552K, 6% used [0x0000000080e00000,0x00000000813dfe78,0x0000000086380000)
 Metaspace       used 17061K, capacity 17340K, committed 17536K, reserved 1064960K
  class space    used 2218K, capacity 2310K, committed 2432K, reserved 1048576K
}

