# JRE version: Java(TM) SE Runtime Environment (8.0_202-b08) (build 1.8.0_202-b08)
# Java VM: Java HotSpot(TM) 64-Bit Server VM (25.202-b08 mixed mode windows-amd64 compressed oops)
Heap:
 PSYoungGen      total 38400K, used 2132K [0x00000000d5a00000, 0x00000000d8480000, 0x0000000100000000)
  eden space 33280K, 6% used [0x00000000d5a00000,0x00000000d5c15360,0x00000000d7a80000)
  from space 5120K, 0% used [0x00000000d7a80000,0x00000000d7a80000,0x00000000d7f80000)
  to   space 5120K, 0% used [0x00000000d7f80000,0x00000000d7f80000,0x00000000d8480000)
 ParOldGen       total 87552K, used 6600K [0x0000000080e00000, 0x0000000086380000, 0x00000000d5a00000)
  object space 87552K, 7% used [0x0000000080e00000,0x00000000814722a0,0x0000000086380000)
 Metaspace       used 17179K, capacity 17468K, committed 17792K, reserved 1064960K
  class space    used 2220K, capacity 2310K, committed 2432K, reserved 1048576K
GC Heap History (10 events):
Event: 8.064 GC heap before
{Heap before GC invocations=1 (full 0):
 PSYoungGen      total 38400K, used 29342K [0x00000000d5a00000, 0x00000000d8480000, 0x0000000100000000)
  eden space 33280K, 88% used [0x00000000d5a00000,0x00000000d76a7a48,0x00000000d7a80000)
  from space 5120K, 0% used [0x00000000d7f80000,0x00000000d7f80000,0x00000000d8480000)
  to   space 5120K, 0% used [0x00000000d7a80000,0x00000000d7a80000,0x00000000d7f80000)
 ParOldGen       total 87552K, used 0K [0x0000000080e00000, 0x0000000086380000, 0x00000000d5a00000)
  object space 87552K, 0% used [0x0000000080e00000,0x0000000080e00000,0x0000000086380000)
 Metaspace       used 16667K, capacity 16956K, committed 17152K, reserved 1064960K
  class space    used 2156K, capacity 2246K, committed 2304K, reserved 1048576K
Event: 8.072 GC heap after
Heap after GC invocations=1 (full 0):
 PSYoungGen      total 38400K, used 4396K [0x00000000d5a00000, 0x00000000d8480000, 0x0000000100000000)
  eden space 33280K, 0% used [0x00000000d5a00000,0x00000000d5a00000,0x00000000d7a80000)
  from space 5120K, 85% used [0x00000000d7a80000,0x00000000d7ecb3e0,0x00000000d7f80000)
  to   space 5120K, 0% used [0x00000000d7f80000,0x00000000d7f80000,0x00000000d8480000)
 ParOldGen       total 87552K, used 24K [0x0000000080e00000, 0x0000000086380000, 0x00000000d5a00000)
  object space 87552K, 0% used [0x0000000080e00000,0x0000000080e06000,0x0000000086380000)
 Metaspace       used 16667K, capacity 16956K, committed 17152K, reserved 1064960K
  class space    used 2156K, capacity 2246K, committed 2304K, reserved 1048576K
}
Event: 8.080 GC heap before
{Heap before GC invocations=2 (full 0):
 PSYoungGen      total 38400K, used 12984K [0x00000000d5a00000, 0x00000000d8480000, 0x0000000100000000)
  eden space 33280K, 25% used [0x00000000d5a00000,0x00000000d6262d58,0x00000000d7a80000)
  from space 5120K, 85% used [0x00000000d7a80000,0x00000000d7ecb3e0,0x00000000d7f80000)
  to   space 5120K, 0% used [0x00000000d7f80000,0x00000000d7f80000,0x00000000d8480000)
 ParOldGen       total 87552K, used 24K [0x0000000080e00000, 0x0000000086380000, 0x00000000d5a00000)
  object space 87552K, 0% used [0x0000000080e00000,0x0000000080e06000,0x0000000086380000)
 Metaspace       used 16702K, capacity 16956K, committed 17152K, reserved 1064960K
  class space    used 2158K, capacity 2246K, committed 2304K, reserved 1048576K
Event: 8.086 GC heap after
Heap after GC invocations=2 (full 0):
 PSYoungGen      total 38400K, used 4080K [0x00000000d5a00000, 0x00000000d8480000, 0x0000000100000000)
  eden space 33280K, 0% used [0x00000000d5a00000,0x00000000d5a00000,0x00000000d7a80000)
  from space 5120K, 79% used [0x00000000d7f80000,0x00000000d837c010,0x00000000d8480000)
  to   space 5120K, 0% used [0x00000000d7a80000,0x00000000d7a80000,0x00000000d7f80000)
 ParOldGen       total 87552K, used 5152K [0x0000000080e00000, 0x0000000086380000, 0x00000000d5a00000)
  object space 87552K, 5% used [0x0000000080e00000,0x0000000081308010,0x0000000086380000)
 Metaspace       used 16702K, capacity 16956K, committed 17152K, reserved 1064960K
  class space    used 2158K, capacity 2246K, committed 2304K, reserved 1048576K
}
Event: 8.086 GC heap before
{Heap before GC invocations=3 (full 1):
 PSYoungGen      total 38400K, used 4080K [0x00000000d5a00000, 0x00000000d8480000, 0x0000000100000000)
  eden space 33280K, 0% used [0x00000000d5a00000,0x00000000d5a00000,0x00000000d7a80000)
  from space 5120K, 79% used [0x00000000d7f80000,0x00000000d837c010,0x00000000d8480000)
  to   space 5120K, 0% used [0x00000000d7a80000,0x00000000d7a80000,0x00000000d7f80000)
 ParOldGen       total 87552K, used 5152K [0x0000000080e00000, 0x0000000086380000, 0x00000000d5a00000)
  object space 87552K, 5% used [0x0000000080e00000,0x0000000081308010,0x0000000086380000)
 Metaspace       used 16702K, capacity 16956K, committed 17152K, reserved 1064960K
  class space    used 2158K, capacity 2246K, committed 2304K, reserved 1048576K
Event: 8.109 GC heap after
Heap after GC invocations=3 (full 1):
 PSYoungGen      total 38400K, used 0K [0x00000000d5a00000, 0x00000000d8480000, 0x0000000100000000)
  eden space 33280K, 0% used [0x00000000d5a00000,0x00000000d5a00000,0x00000000d7a80000)
  from space 5120K, 0% used [0x00000000d7f80000,0x00000000d7f80000,0x00000000d8480000)
  to   space 5120K, 0% used [0x00000000d7a80000,0x00000000d7a80000,0x00000000d7f80000)
 ParOldGen       total 87552K, used 9116K [0x0000000080e00000, 0x0000000086380000, 0x00000000d5a00000)
  object space 87552K, 10% used [0x0000000080e00000,0x00000000816e71b8,0x0000000086380000)
 Metaspace       used 16702K, capacity 16956K, committed 17152K, reserved 1064960K
  class space    used 2158K, capacity 2246K, committed 2304K, reserved 1048576K
}
Event: 8.152 GC heap before
{Heap before GC invocations=4 (full 1):
 PSYoungGen      total 38400K, used 5807K [0x00000000d5a00000, 0x00000000d8480000, 0x0000000100000000)
  eden space 33280K, 17% used [0x00000000d5a00000,0x00000000d5fabde0,0x00000000d7a80000)
  from space 5120K, 0% used [0x00000000d7f80000,0x00000000d7f80000,0x00000000d8480000)
  to   space 5120K, 0% used [0x00000000d7a80000,0x00000000d7a80000,0x00000000d7f80000)
 ParOldGen       total 87552K, used 9116K [0x0000000080e00000, 0x0000000086380000, 0x00000000d5a00000)
  object space 87552K, 10% used [0x0000000080e00000,0x00000000816e71b8,0x0000000086380000)
 Metaspace       used 17144K, capacity 17404K, committed 17792K, reserved 1064960K
  class space    used 2217K, capacity 2310K, committed 2432K, reserved 1048576K
Event: 8.153 GC heap after
Heap after GC invocations=4 (full 1):
 PSYoungGen      total 38400K, used 2774K [0x00000000d5a00000, 0x00000000d8480000, 0x0000000100000000)
  eden space 33280K, 0% used [0x00000000d5a00000,0x00000000d5a00000,0x00000000d7a80000)
  from space 5120K, 54% used [0x00000000d7a80000,0x00000000d7d35938,0x00000000d7f80000)
  to   space 5120K, 0% used [0x00000000d7f80000,0x00000000d7f80000,0x00000000d8480000)
 ParOldGen       total 87552K, used 9124K [0x0000000080e00000, 0x0000000086380000, 0x00000000d5a00000)
  object space 87552K, 10% used [0x0000000080e00000,0x00000000816e91b8,0x0000000086380000)
 Metaspace       used 17144K, capacity 17404K, committed 17792K, reserved 1064960K
  class space    used 2217K, capacity 2310K, committed 2432K, reserved 1048576K
}
Event: 8.153 GC heap before
{Heap before GC invocations=5 (full 2):
 PSYoungGen      total 38400K, used 2774K [0x00000000d5a00000, 0x00000000d8480000, 0x0000000100000000)
  eden space 33280K, 0% used [0x00000000d5a00000,0x00000000d5a00000,0x00000000d7a80000)
  from space 5120K, 54% used [0x00000000d7a80000,0x00000000d7d35938,0x00000000d7f80000)
  to   space 5120K, 0% used [0x00000000d7f80000,0x00000000d7f80000,0x00000000d8480000)
 ParOldGen       total 87552K, used 9124K [0x0000000080e00000, 0x0000000086380000, 0x00000000d5a00000)
  object space 87552K, 10% used [0x0000000080e00000,0x00000000816e91b8,0x0000000086380000)
 Metaspace       used 17144K, capacity 17404K, committed 17792K, reserved 1064960K
  class space    used 2217K, capacity 2310K, committed 2432K, reserved 1048576K
Event: 8.175 GC heap after
Heap after GC invocations=5 (full 2):
 PSYoungGen      total 38400K, used 0K [0x00000000d5a00000, 0x00000000d8480000, 0x0000000100000000)
  eden space 33280K, 0% used [0x00000000d5a00000,0x00000000d5a00000,0x00000000d7a80000)
  from space 5120K, 0% used [0x00000000d7a80000,0x00000000d7a80000,0x00000000d7f80000)
  to   space 5120K, 0% used [0x00000000d7f80000,0x00000000d7f80000,0x00000000d8480000)
 ParOldGen       total 87552K, used 6600K [0x0000000080e00000, 0x0000000086380000, 0x00000000d5a00000)
  object space 87552K, 7% used [0x0000000080e00000,0x00000000814722a0,0x0000000086380000)
 Metaspace       used 17144K, capacity 17404K, committed 17792K, reserved 1064960K
  class space    used 2217K, capacity 2310K, committed 2432K, reserved 1048576K
}

